Build started 2016-12-05 오후 4:31:28.
     1>Project "D:\iocp_lobby(0)\CompletionPortServer\CompletionPortServer.vcxproj" on node 2 (Build target(s)).
     1>ClCompile:
         C:\Program Files (x86)\Microsoft Visual Studio 12.0\VC\bin\CL.exe /c /Zi /nologo /W3 /WX- /Od /Oy- /D WIN32 /D _DEBUG /D _CONSOLE /D _VC80_UPGRADE=0x0600 /D _MBCS /Gm /EHsc /RTC1 /MTd /GS /Gy- /fp:precise /Zc:wchar_t /Zc:forScope /Fo".\Debug\\" /Fd".\Debug\vc120.pdb" /Gd /TP /analyze- /errorReport:prompt CompletionPortServer.cpp GameProc.cpp Room.cpp RoomManager.cpp User.cpp UserManager.cpp
         User.cpp
     1>d:\iocp_lobby(0)\completionportserver\User.h(42): error C2143: syntax error : missing ';' before '*'
     1>d:\iocp_lobby(0)\completionportserver\User.h(42): error C4430: missing type specifier - int assumed. Note: C++ does not support default-int
     1>User.cpp(62): error C2065: 'm_myRoom' : undeclared identifier
     1>User.cpp(171): error C2065: 'm_myRoom' : undeclared identifier
     1>User.cpp(172): error C2065: 'm_myRoom' : undeclared identifier
     1>User.cpp(172): error C2227: left of '->OnAddUser' must point to class/struct/union/generic type
                 type is 'unknown-type'
     1>User.cpp(179): error C2065: 'm_myRoom' : undeclared identifier
     1>User.cpp(179): error C2227: left of '->OnSendRoomInfo' must point to class/struct/union/generic type
                 type is 'unknown-type'
         Generating Code...
         Compiling...
         CompletionPortServer.cpp
     1>d:\iocp_lobby(0)\completionportserver\user.h(42): error C2143: syntax error : missing ';' before '*'
     1>d:\iocp_lobby(0)\completionportserver\user.h(42): error C4430: missing type specifier - int assumed. Note: C++ does not support default-int
         Generating Code...
         Compiling...
         GameProc.cpp
     1>d:\iocp_lobby(0)\completionportserver\user.h(42): error C2143: syntax error : missing ';' before '*'
     1>d:\iocp_lobby(0)\completionportserver\user.h(42): error C4430: missing type specifier - int assumed. Note: C++ does not support default-int
         Generating Code...
         Compiling...
         Room.cpp
     1>d:\iocp_lobby(0)\completionportserver\User.h(42): error C2143: syntax error : missing ';' before '*'
     1>d:\iocp_lobby(0)\completionportserver\User.h(42): error C4430: missing type specifier - int assumed. Note: C++ does not support default-int
         Generating Code...
         Compiling...
         RoomManager.cpp
     1>d:\iocp_lobby(0)\completionportserver\User.h(42): error C2143: syntax error : missing ';' before '*'
     1>d:\iocp_lobby(0)\completionportserver\User.h(42): error C4430: missing type specifier - int assumed. Note: C++ does not support default-int
         Generating Code...
         Compiling...
         UserManager.cpp
     1>d:\iocp_lobby(0)\completionportserver\user.h(42): error C2143: syntax error : missing ';' before '*'
     1>d:\iocp_lobby(0)\completionportserver\user.h(42): error C4430: missing type specifier - int assumed. Note: C++ does not support default-int
         Generating Code...
     1>Done Building Project "D:\iocp_lobby(0)\CompletionPortServer\CompletionPortServer.vcxproj" (Build target(s)) -- FAILED.

Build FAILED.

Time Elapsed 00:00:03.82
